2015-04-06 02:06:39 [-][-][-][error][yii\console\Exception] exception 'yii\console\Exception' with message 'Unknown option: --tableName' in E:\wwwroot\phpworkspace\job\vendor\yiisoft\yii2\console\Controller.php:87
Stack trace:
#0 E:\wwwroot\phpworkspace\job\vendor\yiisoft\yii2\base\Module.php(455): yii\console\Controller->runAction('crud', Array)
#1 E:\wwwroot\phpworkspace\job\vendor\yiisoft\yii2\console\Application.php(161): yii\base\Module->runAction('gii/crud', Array)
#2 E:\wwwroot\phpworkspace\job\vendor\yiisoft\yii2\console\Application.php(137): yii\console\Application->runAction('gii/crud', Array)
#3 E:\wwwroot\phpworkspace\job\vendor\yiisoft\yii2\base\Application.php(375): yii\console\Application->handleRequest(Object(yii\console\Request))
#4 E:\wwwroot\phpworkspace\job\yii(31): yii\base\Application->run()
#5 {main}
2015-04-06 02:06:39 [-][-][-][info][application] $_SERVER = [
    'ALLUSERSPROFILE' => 'C:\\ProgramData'
    'APPDATA' => 'C:\\Users\\Administrator\\AppData\\Roaming'
    'CommonProgramFiles' => 'C:\\Program Files\\Common Files'
    'CommonProgramFiles(x86)' => 'C:\\Program Files (x86)\\Common Files'
    'CommonProgramW6432' => 'C:\\Program Files\\Common Files'
    'COMPUTERNAME' => 'LUSHUNCHENG'
    'ComSpec' => 'C:\\Windows\\system32\\cmd.exe'
    'C_EM64T_REDIST11' => 'C:\\Program Files (x86)\\Common Files\\Intel\\Shared Files\\cpp\\'
    'FP_NO_HOST_CHECK' => 'NO'
    'HOMEDRIVE' => 'C:'
    'HOMEPATH' => '\\Users\\Administrator'
    'JAVA_HOME' => 'C:\\Program Files\\Java\\jdk1.8.0_25'
    'LOCALAPPDATA' => 'C:\\Users\\Administrator\\AppData\\Local'
    'LOGONSERVER' => '\\\\LUSHUNCHENG'
    'NUMBER_OF_PROCESSORS' => '2'
    'OS' => 'Windows_NT'
    'Path' => 'C:\\Program Files (x86)\\Common Files\\Intel\\Shared Files\\cpp\\bin\\Intel64;C:\\Program Files (x86)\\Common Files\\NetSarang;C:\\ProgramData\\Oracle\\Java\\javapath;C:\\Program Files (x86)\\NVIDIA Corporation\\PhysX\\Common;C:\\Windows\\system32;C:\\Windows;C:\\Windows\\System32\\Wbem;C:\\Windows\\System32\\WindowsPowerShell\\v1.0\\;C:\\Program Files\\TortoiseSVN\\bin;C:\\Program Files\\Java\\jdk1.8.0_25\\bin;C:\\Program Files\\nodejs\\;C:\\Users\\Administrator\\AppData\\Roaming\\npm'
    'PATHEXT' => '.COM;.EXE;.BAT;.CMD;.VBS;.VBE;.JS;.JSE;.WSF;.WSH;.MSC'
    'PHP_COMMAND' => 'E:\\\\server\\\\php563ntsx64\\\\php.exe'
    'PROCESSOR_ARCHITECTURE' => 'AMD64'
    'PROCESSOR_IDENTIFIER' => 'Intel64 Family 6 Model 23 Stepping 10, GenuineIntel'
    'PROCESSOR_LEVEL' => '6'
    'PROCESSOR_REVISION' => '170a'
    'ProgramData' => 'C:\\ProgramData'
    'ProgramFiles' => 'C:\\Program Files'
    'ProgramFiles(x86)' => 'C:\\Program Files (x86)'
    'ProgramW6432' => 'C:\\Program Files'
    'PROMPT' => '$P$G'
    'PSModulePath' => 'C:\\Windows\\system32\\WindowsPowerShell\\v1.0\\Modules\\'
    'PUBLIC' => 'C:\\Users\\Public'
    'SystemDrive' => 'C:'
    'SystemRoot' => 'C:\\Windows'
    'TEMP' => 'C:\\Users\\ADMINI~1\\AppData\\Local\\Temp'
    'TMP' => 'C:\\Users\\ADMINI~1\\AppData\\Local\\Temp'
    'USERDOMAIN' => 'LUSHUNCHENG'
    'USERDOMAIN_ROAMINGPROFILE' => 'LUSHUNCHENG'
    'USERNAME' => 'Administrator'
    'USERPROFILE' => 'C:\\Users\\Administrator'
    'windir' => 'C:\\Windows'
    'YII_PATH' => 'E:\\wwwroot\\phpworkspace\\job\\'
    'PHP_SELF' => 'E:\\wwwroot\\phpworkspace\\job\\yii'
    'SCRIPT_NAME' => 'E:\\wwwroot\\phpworkspace\\job\\yii'
    'SCRIPT_FILENAME' => 'E:\\wwwroot\\phpworkspace\\job\\yii'
    'PATH_TRANSLATED' => 'E:\\wwwroot\\phpworkspace\\job\\yii'
    'DOCUMENT_ROOT' => ''
    'REQUEST_TIME_FLOAT' => 1428285999.5566
    'REQUEST_TIME' => 1428285999
    'argv' => [
        0 => 'E:\\wwwroot\\phpworkspace\\job\\yii'
        1 => 'gii/crud'
        2 => '--tableName=admin'
        3 => '--modelClass=Admin'
    ]
    'argc' => 4
]
2015-04-06 07:19:24 [-][-][-][error][yii\console\Exception] exception 'yii\console\Exception' with message 'Unknown option: --tableName' in E:\wwwroot\phpworkspace\job\vendor\yiisoft\yii2\console\Controller.php:87
Stack trace:
#0 E:\wwwroot\phpworkspace\job\vendor\yiisoft\yii2\base\Module.php(455): yii\console\Controller->runAction('crud', Array)
#1 E:\wwwroot\phpworkspace\job\vendor\yiisoft\yii2\console\Application.php(161): yii\base\Module->runAction('gii/crud', Array)
#2 E:\wwwroot\phpworkspace\job\vendor\yiisoft\yii2\console\Application.php(137): yii\console\Application->runAction('gii/crud', Array)
#3 E:\wwwroot\phpworkspace\job\vendor\yiisoft\yii2\base\Application.php(375): yii\console\Application->handleRequest(Object(yii\console\Request))
#4 E:\wwwroot\phpworkspace\job\yii(31): yii\base\Application->run()
#5 {main}
2015-04-06 07:19:24 [-][-][-][info][application] $_SERVER = [
    'ALLUSERSPROFILE' => 'C:\\ProgramData'
    'APPDATA' => 'C:\\Users\\Administrator\\AppData\\Roaming'
    'CommonProgramFiles' => 'C:\\Program Files\\Common Files'
    'CommonProgramFiles(x86)' => 'C:\\Program Files (x86)\\Common Files'
    'CommonProgramW6432' => 'C:\\Program Files\\Common Files'
    'COMPUTERNAME' => 'LUSHUNCHENG'
    'ComSpec' => 'C:\\Windows\\system32\\cmd.exe'
    'C_EM64T_REDIST11' => 'C:\\Program Files (x86)\\Common Files\\Intel\\Shared Files\\cpp\\'
    'FP_NO_HOST_CHECK' => 'NO'
    'HOMEDRIVE' => 'C:'
    'HOMEPATH' => '\\Users\\Administrator'
    'JAVA_HOME' => 'C:\\Program Files\\Java\\jdk1.8.0_25'
    'LOCALAPPDATA' => 'C:\\Users\\Administrator\\AppData\\Local'
    'LOGONSERVER' => '\\\\LUSHUNCHENG'
    'NUMBER_OF_PROCESSORS' => '2'
    'OS' => 'Windows_NT'
    'Path' => 'C:\\Program Files (x86)\\Common Files\\Intel\\Shared Files\\cpp\\bin\\Intel64;C:\\Program Files (x86)\\Common Files\\NetSarang;C:\\ProgramData\\Oracle\\Java\\javapath;C:\\Program Files (x86)\\NVIDIA Corporation\\PhysX\\Common;C:\\Windows\\system32;C:\\Windows;C:\\Windows\\System32\\Wbem;C:\\Windows\\System32\\WindowsPowerShell\\v1.0\\;C:\\Program Files\\TortoiseSVN\\bin;C:\\Program Files\\Java\\jdk1.8.0_25\\bin;C:\\Program Files\\nodejs\\;C:\\Users\\Administrator\\AppData\\Roaming\\npm'
    'PATHEXT' => '.COM;.EXE;.BAT;.CMD;.VBS;.VBE;.JS;.JSE;.WSF;.WSH;.MSC'
    'PHP_COMMAND' => 'E:\\\\server\\\\php563ntsx64\\\\php.exe'
    'PROCESSOR_ARCHITECTURE' => 'AMD64'
    'PROCESSOR_IDENTIFIER' => 'Intel64 Family 6 Model 23 Stepping 10, GenuineIntel'
    'PROCESSOR_LEVEL' => '6'
    'PROCESSOR_REVISION' => '170a'
    'ProgramData' => 'C:\\ProgramData'
    'ProgramFiles' => 'C:\\Program Files'
    'ProgramFiles(x86)' => 'C:\\Program Files (x86)'
    'ProgramW6432' => 'C:\\Program Files'
    'PROMPT' => '$P$G'
    'PSModulePath' => 'C:\\Windows\\system32\\WindowsPowerShell\\v1.0\\Modules\\'
    'PUBLIC' => 'C:\\Users\\Public'
    'SystemDrive' => 'C:'
    'SystemRoot' => 'C:\\Windows'
    'TEMP' => 'C:\\Users\\ADMINI~1\\AppData\\Local\\Temp'
    'TMP' => 'C:\\Users\\ADMINI~1\\AppData\\Local\\Temp'
    'USERDOMAIN' => 'LUSHUNCHENG'
    'USERDOMAIN_ROAMINGPROFILE' => 'LUSHUNCHENG'
    'USERNAME' => 'Administrator'
    'USERPROFILE' => 'C:\\Users\\Administrator'
    'windir' => 'C:\\Windows'
    'YII_PATH' => 'E:\\wwwroot\\phpworkspace\\job\\'
    'PHP_SELF' => 'E:\\wwwroot\\phpworkspace\\job\\yii'
    'SCRIPT_NAME' => 'E:\\wwwroot\\phpworkspace\\job\\yii'
    'SCRIPT_FILENAME' => 'E:\\wwwroot\\phpworkspace\\job\\yii'
    'PATH_TRANSLATED' => 'E:\\wwwroot\\phpworkspace\\job\\yii'
    'DOCUMENT_ROOT' => ''
    'REQUEST_TIME_FLOAT' => 1428304764.3578
    'REQUEST_TIME' => 1428304764
    'argv' => [
        0 => 'E:\\wwwroot\\phpworkspace\\job\\yii'
        1 => 'gii/crud'
        2 => '--tableName=admin'
        3 => '--modelClass=Admin'
    ]
    'argc' => 4
]
2015-04-06 07:27:31 [-][-][-][error][yii\console\Exception] exception 'yii\console\Exception' with message 'Unknown option: --modelClass' in E:\wwwroot\phpworkspace\job\vendor\yiisoft\yii2\console\Controller.php:87
Stack trace:
#0 E:\wwwroot\phpworkspace\job\vendor\yiisoft\yii2\base\Module.php(455): yii\console\Controller->runAction('controller', Array)
#1 E:\wwwroot\phpworkspace\job\vendor\yiisoft\yii2\console\Application.php(161): yii\base\Module->runAction('gii/controller', Array)
#2 E:\wwwroot\phpworkspace\job\vendor\yiisoft\yii2\console\Application.php(137): yii\console\Application->runAction('gii/controller', Array)
#3 E:\wwwroot\phpworkspace\job\vendor\yiisoft\yii2\base\Application.php(375): yii\console\Application->handleRequest(Object(yii\console\Request))
#4 E:\wwwroot\phpworkspace\job\yii(31): yii\base\Application->run()
#5 {main}
2015-04-06 07:27:31 [-][-][-][info][application] $_SERVER = [
    'ALLUSERSPROFILE' => 'C:\\ProgramData'
    'APPDATA' => 'C:\\Users\\Administrator\\AppData\\Roaming'
    'CommonProgramFiles' => 'C:\\Program Files\\Common Files'
    'CommonProgramFiles(x86)' => 'C:\\Program Files (x86)\\Common Files'
    'CommonProgramW6432' => 'C:\\Program Files\\Common Files'
    'COMPUTERNAME' => 'LUSHUNCHENG'
    'ComSpec' => 'C:\\Windows\\system32\\cmd.exe'
    'C_EM64T_REDIST11' => 'C:\\Program Files (x86)\\Common Files\\Intel\\Shared Files\\cpp\\'
    'FP_NO_HOST_CHECK' => 'NO'
    'HOMEDRIVE' => 'C:'
    'HOMEPATH' => '\\Users\\Administrator'
    'JAVA_HOME' => 'C:\\Program Files\\Java\\jdk1.8.0_25'
    'LOCALAPPDATA' => 'C:\\Users\\Administrator\\AppData\\Local'
    'LOGONSERVER' => '\\\\LUSHUNCHENG'
    'NUMBER_OF_PROCESSORS' => '2'
    'OS' => 'Windows_NT'
    'Path' => 'C:\\Program Files (x86)\\Common Files\\Intel\\Shared Files\\cpp\\bin\\Intel64;C:\\Program Files (x86)\\Common Files\\NetSarang;C:\\ProgramData\\Oracle\\Java\\javapath;C:\\Program Files (x86)\\NVIDIA Corporation\\PhysX\\Common;C:\\Windows\\system32;C:\\Windows;C:\\Windows\\System32\\Wbem;C:\\Windows\\System32\\WindowsPowerShell\\v1.0\\;C:\\Program Files\\TortoiseSVN\\bin;C:\\Program Files\\Java\\jdk1.8.0_25\\bin;C:\\Program Files\\nodejs\\;C:\\Users\\Administrator\\AppData\\Roaming\\npm'
    'PATHEXT' => '.COM;.EXE;.BAT;.CMD;.VBS;.VBE;.JS;.JSE;.WSF;.WSH;.MSC'
    'PHP_COMMAND' => 'E:\\\\server\\\\php563ntsx64\\\\php.exe'
    'PROCESSOR_ARCHITECTURE' => 'AMD64'
    'PROCESSOR_IDENTIFIER' => 'Intel64 Family 6 Model 23 Stepping 10, GenuineIntel'
    'PROCESSOR_LEVEL' => '6'
    'PROCESSOR_REVISION' => '170a'
    'ProgramData' => 'C:\\ProgramData'
    'ProgramFiles' => 'C:\\Program Files'
    'ProgramFiles(x86)' => 'C:\\Program Files (x86)'
    'ProgramW6432' => 'C:\\Program Files'
    'PROMPT' => '$P$G'
    'PSModulePath' => 'C:\\Windows\\system32\\WindowsPowerShell\\v1.0\\Modules\\'
    'PUBLIC' => 'C:\\Users\\Public'
    'SystemDrive' => 'C:'
    'SystemRoot' => 'C:\\Windows'
    'TEMP' => 'C:\\Users\\ADMINI~1\\AppData\\Local\\Temp'
    'TMP' => 'C:\\Users\\ADMINI~1\\AppData\\Local\\Temp'
    'USERDOMAIN' => 'LUSHUNCHENG'
    'USERDOMAIN_ROAMINGPROFILE' => 'LUSHUNCHENG'
    'USERNAME' => 'Administrator'
    'USERPROFILE' => 'C:\\Users\\Administrator'
    'windir' => 'C:\\Windows'
    'YII_PATH' => 'E:\\wwwroot\\phpworkspace\\job\\'
    'PHP_SELF' => 'E:\\wwwroot\\phpworkspace\\job\\yii'
    'SCRIPT_NAME' => 'E:\\wwwroot\\phpworkspace\\job\\yii'
    'SCRIPT_FILENAME' => 'E:\\wwwroot\\phpworkspace\\job\\yii'
    'PATH_TRANSLATED' => 'E:\\wwwroot\\phpworkspace\\job\\yii'
    'DOCUMENT_ROOT' => ''
    'REQUEST_TIME_FLOAT' => 1428305251.7677
    'REQUEST_TIME' => 1428305251
    'argv' => [
        0 => 'E:\\wwwroot\\phpworkspace\\job\\yii'
        1 => 'gii/controller'
        2 => '--modelClass=Admin'
    ]
    'argc' => 3
]
2015-04-06 08:13:06 [-][-][-][error][yii\base\InvalidParamException] exception 'yii\base\InvalidParamException' with message 'Invalid path alias: @tests/unit/fixtures' in E:\wwwroot\phpworkspace\job\vendor\yiisoft\yii2\BaseYii.php:152
Stack trace:
#0 E:\wwwroot\phpworkspace\job\vendor\yiisoft\yii2\console\controllers\FixtureController.php(476): yii\BaseYii::getAlias('@tests/unit/fix...')
#1 E:\wwwroot\phpworkspace\job\vendor\yiisoft\yii2\console\controllers\FixtureController.php(386): yii\console\controllers\FixtureController->getFixturePath()
#2 E:\wwwroot\phpworkspace\job\vendor\yiisoft\yii2\console\controllers\FixtureController.php(110): yii\console\controllers\FixtureController->findFixtures(Array)
#3 [internal function]: yii\console\controllers\FixtureController->actionLoad('help')
#4 E:\wwwroot\phpworkspace\job\vendor\yiisoft\yii2\base\InlineAction.php(55): call_user_func_array(Array, Array)
#5 E:\wwwroot\phpworkspace\job\vendor\yiisoft\yii2\base\Controller.php(151): yii\base\InlineAction->runWithParams(Array)
#6 E:\wwwroot\phpworkspace\job\vendor\yiisoft\yii2\console\Controller.php(91): yii\base\Controller->runAction('', Array)
#7 E:\wwwroot\phpworkspace\job\vendor\yiisoft\yii2\base\Module.php(455): yii\console\Controller->runAction('', Array)
#8 E:\wwwroot\phpworkspace\job\vendor\yiisoft\yii2\console\Application.php(161): yii\base\Module->runAction('fixture', Array)
#9 E:\wwwroot\phpworkspace\job\vendor\yiisoft\yii2\console\Application.php(137): yii\console\Application->runAction('fixture', Array)
#10 E:\wwwroot\phpworkspace\job\vendor\yiisoft\yii2\base\Application.php(375): yii\console\Application->handleRequest(Object(yii\console\Request))
#11 E:\wwwroot\phpworkspace\job\yii(31): yii\base\Application->run()
#12 {main}
2015-04-06 08:13:06 [-][-][-][info][application] $_SERVER = [
    'ALLUSERSPROFILE' => 'C:\\ProgramData'
    'APPDATA' => 'C:\\Users\\Administrator\\AppData\\Roaming'
    'CommonProgramFiles' => 'C:\\Program Files\\Common Files'
    'CommonProgramFiles(x86)' => 'C:\\Program Files (x86)\\Common Files'
    'CommonProgramW6432' => 'C:\\Program Files\\Common Files'
    'COMPUTERNAME' => 'LUSHUNCHENG'
    'ComSpec' => 'C:\\Windows\\system32\\cmd.exe'
    'C_EM64T_REDIST11' => 'C:\\Program Files (x86)\\Common Files\\Intel\\Shared Files\\cpp\\'
    'FP_NO_HOST_CHECK' => 'NO'
    'HOMEDRIVE' => 'C:'
    'HOMEPATH' => '\\Users\\Administrator'
    'JAVA_HOME' => 'C:\\Program Files\\Java\\jdk1.8.0_25'
    'LOCALAPPDATA' => 'C:\\Users\\Administrator\\AppData\\Local'
    'LOGONSERVER' => '\\\\LUSHUNCHENG'
    'NUMBER_OF_PROCESSORS' => '2'
    'OS' => 'Windows_NT'
    'Path' => 'C:\\Program Files (x86)\\Common Files\\Intel\\Shared Files\\cpp\\bin\\Intel64;C:\\Program Files (x86)\\Common Files\\NetSarang;C:\\ProgramData\\Oracle\\Java\\javapath;C:\\Program Files (x86)\\NVIDIA Corporation\\PhysX\\Common;C:\\Windows\\system32;C:\\Windows;C:\\Windows\\System32\\Wbem;C:\\Windows\\System32\\WindowsPowerShell\\v1.0\\;C:\\Program Files\\TortoiseSVN\\bin;C:\\Program Files\\Java\\jdk1.8.0_25\\bin;C:\\Program Files\\nodejs\\;C:\\Users\\Administrator\\AppData\\Roaming\\npm'
    'PATHEXT' => '.COM;.EXE;.BAT;.CMD;.VBS;.VBE;.JS;.JSE;.WSF;.WSH;.MSC'
    'PHP_COMMAND' => 'E:\\\\server\\\\php563ntsx64\\\\php.exe'
    'PROCESSOR_ARCHITECTURE' => 'AMD64'
    'PROCESSOR_IDENTIFIER' => 'Intel64 Family 6 Model 23 Stepping 10, GenuineIntel'
    'PROCESSOR_LEVEL' => '6'
    'PROCESSOR_REVISION' => '170a'
    'ProgramData' => 'C:\\ProgramData'
    'ProgramFiles' => 'C:\\Program Files'
    'ProgramFiles(x86)' => 'C:\\Program Files (x86)'
    'ProgramW6432' => 'C:\\Program Files'
    'PROMPT' => '$P$G'
    'PSModulePath' => 'C:\\Windows\\system32\\WindowsPowerShell\\v1.0\\Modules\\'
    'PUBLIC' => 'C:\\Users\\Public'
    'SystemDrive' => 'C:'
    'SystemRoot' => 'C:\\Windows'
    'TEMP' => 'C:\\Users\\ADMINI~1\\AppData\\Local\\Temp'
    'TMP' => 'C:\\Users\\ADMINI~1\\AppData\\Local\\Temp'
    'USERDOMAIN' => 'LUSHUNCHENG'
    'USERDOMAIN_ROAMINGPROFILE' => 'LUSHUNCHENG'
    'USERNAME' => 'Administrator'
    'USERPROFILE' => 'C:\\Users\\Administrator'
    'windir' => 'C:\\Windows'
    'YII_PATH' => 'E:\\wwwroot\\phpworkspace\\job\\'
    'PHP_SELF' => 'E:\\wwwroot\\phpworkspace\\job\\yii'
    'SCRIPT_NAME' => 'E:\\wwwroot\\phpworkspace\\job\\yii'
    'SCRIPT_FILENAME' => 'E:\\wwwroot\\phpworkspace\\job\\yii'
    'PATH_TRANSLATED' => 'E:\\wwwroot\\phpworkspace\\job\\yii'
    'DOCUMENT_ROOT' => ''
    'REQUEST_TIME_FLOAT' => 1428307986.7644
    'REQUEST_TIME' => 1428307986
    'argv' => [
        0 => 'E:\\wwwroot\\phpworkspace\\job\\yii'
        1 => 'fixture'
        2 => 'help'
    ]
    'argc' => 3
]
